0 info it worked if it ends with ok
1 verbose cli [ 'C:\\Program Files\\nodejs\\node.exe',
1 verbose cli   'C:\\Users\\Alex\\AppData\\Roaming\\npm\\node_modules\\npm\\bin\\npm-cli.js',
1 verbose cli   'i',
1 verbose cli   '-S',
1 verbose cli   'git+https://git@github.com/PolymerLabs/IMD.git' ]
2 info using npm@3.10.8
3 info using node@v4.6.1
4 silly loadCurrentTree Starting
5 silly install loadCurrentTree
6 silly install readLocalPackageData
7 silly fetchPackageMetaData git+https://git@github.com/PolymerLabs/IMD.git
8 silly fetchOtherPackageData git+https://git@github.com/PolymerLabs/IMD.git
9 silly cache add args [ 'git+https://git@github.com/PolymerLabs/IMD.git', null ]
10 verbose cache add spec git+https://git@github.com/PolymerLabs/IMD.git
11 silly cache add parsed spec Result {
11 silly cache add   raw: 'git+https://git@github.com/PolymerLabs/IMD.git',
11 silly cache add   scope: null,
11 silly cache add   escapedName: null,
11 silly cache add   name: null,
11 silly cache add   rawSpec: 'git+https://git@github.com/PolymerLabs/IMD.git',
11 silly cache add   spec: 'git+https://git@github.com/PolymerLabs/IMD.git',
11 silly cache add   type: 'hosted',
11 silly cache add   hosted:
11 silly cache add    { type: 'github',
11 silly cache add      ssh: 'git@github.com:PolymerLabs/IMD.git',
11 silly cache add      sshUrl: 'git+ssh://git@github.com/PolymerLabs/IMD.git',
11 silly cache add      httpsUrl: 'git+https://git@github.com/PolymerLabs/IMD.git',
11 silly cache add      gitUrl: 'git://git@github.com/PolymerLabs/IMD.git',
11 silly cache add      shortcut: 'github:PolymerLabs/IMD',
11 silly cache add      directUrl: 'https://git@raw.githubusercontent.com/PolymerLabs/IMD/master/package.json' } }
12 verbose addRemoteGit caching git+https://git@github.com/PolymerLabs/IMD.git
13 verbose addRemoteGit git+https://git@github.com/PolymerLabs/IMD.git is a repository hosted by github
14 silly tryClone cloning git+https://git@github.com/PolymerLabs/IMD.git via git+https://git@github.com/PolymerLabs/IMD.git
15 verbose tryClone git-https-git-github-com-PolymerLabs-IMD-git-9fb9a312 not in flight; caching
16 verbose correctMkdir C:\Users\Alex\AppData\Roaming\npm-cache\_git-remotes correctMkdir not in flight; initializing
17 info git [ 'config', '--get', 'remote.origin.url' ]
18 silly validateExistingRemote git+https://git@github.com/PolymerLabs/IMD.git remote.origin.url: https://git@github.com/PolymerLabs/IMD.git
19 verbose validateExistingRemote git+https://git@github.com/PolymerLabs/IMD.git is updating existing cached remote C:\Users\Alex\AppData\Roaming\npm-cache\_git-remotes\git-https-git-github-com-PolymerLabs-IMD-git-9fb9a312
20 info git [ 'fetch', '-a', 'origin' ]
21 verbose updateRemote git fetch -a origin (https://git@github.com/PolymerLabs/IMD.git)
22 verbose setPermissions git+https://git@github.com/PolymerLabs/IMD.git skipping chownr on Windows
23 verbose resolveHead git+https://git@github.com/PolymerLabs/IMD.git original treeish: master
24 info git [ 'rev-list', '-n1', 'master' ]
25 silly resolveHead git+https://git@github.com/PolymerLabs/IMD.git resolved treeish: 2182317c71b7ca3fb3e9efdc5a9c9ea045b004f0
26 verbose resolveHead git+https://git@github.com/PolymerLabs/IMD.git resolved Git URL: git+https://git@github.com/PolymerLabs/IMD.git#2182317c71b7ca3fb3e9efdc5a9c9ea045b004f0
27 silly resolveHead Git working directory: C:\Users\Alex\AppData\Local\Temp\npm-15944-71323a53\git-cache-1f96ccd7\2182317c71b7ca3fb3e9efdc5a9c9ea045b004f0
28 info git [ 'clone',
28 info git   'C:\\Users\\Alex\\AppData\\Roaming\\npm-cache\\_git-remotes\\git-https-git-github-com-PolymerLabs-IMD-git-9fb9a312',
28 info git   'C:\\Users\\Alex\\AppData\\Local\\Temp\\npm-15944-71323a53\\git-cache-1f96ccd7\\2182317c71b7ca3fb3e9efdc5a9c9ea045b004f0' ]
29 verbose cloneResolved git+https://git@github.com/PolymerLabs/IMD.git clone Cloning into 'C:\Users\Alex\AppData\Local\Temp\npm-15944-71323a53\git-cache-1f96ccd7\2182317c71b7ca3fb3e9efdc5a9c9ea045b004f0'...
29 verbose cloneResolved done.
30 info git [ 'checkout', '2182317c71b7ca3fb3e9efdc5a9c9ea045b004f0' ]
31 verbose checkoutTreeish git+https://git@github.com/PolymerLabs/IMD.git checkout Note: checking out '2182317c71b7ca3fb3e9efdc5a9c9ea045b004f0'.
31 verbose checkoutTreeish
31 verbose checkoutTreeish You are in 'detached HEAD' state. You can look around, make experimental
31 verbose checkoutTreeish changes and commit them, and you can discard any commits you make in this
31 verbose checkoutTreeish state without impacting any branches by performing another checkout.
31 verbose checkoutTreeish
31 verbose checkoutTreeish If you want to create a new branch to retain commits you create, you may
31 verbose checkoutTreeish do so (now or later) by using -b with the checkout command again. Example:
31 verbose checkoutTreeish
31 verbose checkoutTreeish   git checkout -b <new-branch-name>
31 verbose checkoutTreeish
31 verbose checkoutTreeish HEAD is now at 2182317... Merge pull request #14 from PolymerLabs/justin-work
32 info git [ 'submodule', '-q', 'update', '--init', '--recursive' ]
33 verbose updateSubmodules git+https://git@github.com/PolymerLabs/IMD.git submodule update
34 error addLocal Could not install C:\Users\Alex\AppData\Local\Temp\npm-15944-71323a53\git-cache-1f96ccd7\2182317c71b7ca3fb3e9efdc5a9c9ea045b004f0
35 silly fetchPackageMetaData Error: EISDIR: illegal operation on a directory, read
35 silly fetchPackageMetaData     at Error (native)
35 silly fetchPackageMetaData  error for git+https://git@github.com/PolymerLabs/IMD.git { [Error: EISDIR: illegal operation on a directory, read] errno: -4068, code: 'EISDIR', syscall: 'read' }
36 silly rollbackFailedOptional Starting
37 silly rollbackFailedOptional Finishing
38 silly runTopLevelLifecycles Finishing
39 silly install printInstalled
40 verbose stack Error: EISDIR: illegal operation on a directory, read
40 verbose stack     at Error (native)
41 verbose cwd C:\Work\research\fpp\prototype
42 error Windows_NT 10.0.14393
43 error argv "C:\\Program Files\\nodejs\\node.exe" "C:\\Users\\Alex\\AppData\\Roaming\\npm\\node_modules\\npm\\bin\\npm-cli.js" "i" "-S" "git+https://git@github.com/PolymerLabs/IMD.git"
44 error node v4.6.1
45 error npm  v3.10.8
46 error code EISDIR
47 error errno -4068
48 error syscall read
49 error eisdir EISDIR: illegal operation on a directory, read
50 error eisdir This is most likely not a problem with npm itself
50 error eisdir and is related to npm not being able to find a package.json in
50 error eisdir a package you are trying to install.
51 verbose exit [ -4068, true ]
